
--- 2023-11-22T08:12:49.747Z debug
🐛 Writing logs to ".wrangler/logs/wrangler-2023-11-22_08-12-49_575.log"
---

--- 2023-11-22T08:12:49.747Z warn
[33m▲ [43;33m[[43;30mWARNING[43;33m][0m [1m`wrangler pages publish` is deprecated and will be removed in the next major version.[0m

  Please use `wrangler pages deploy` instead, which accepts exactly the same arguments.


---

--- 2023-11-22T08:12:49.755Z debug
Saving to cache: {"account":{"id":"b367414b5bc07c5e6e07c61d633ee0af","name":""}}
---

--- 2023-11-22T08:12:49.787Z warn
[33m▲ [43;33m[[43;30mWARNING[43;33m][0m [1mWarning: Your working directory is a git repo and has uncommitted changes[0m

  To silence this warning, pass in --commit-dirty=true


---

--- 2023-11-22T08:12:49.788Z debug
-- START CF API REQUEST: GET https://api.cloudflare.com/client/v4/accounts/b367414b5bc07c5e6e07c61d633ee0af/pages/projects/demo-calculator
---

--- 2023-11-22T08:12:49.788Z debug
HEADERS: omitted; set WRANGLER_LOG_SANITIZE=false to include sanitized data
---

--- 2023-11-22T08:12:49.788Z debug
INIT: omitted; set WRANGLER_LOG_SANITIZE=false to include sanitized data
---

--- 2023-11-22T08:12:49.788Z debug
-- END CF API REQUEST
---

--- 2023-11-22T08:12:50.045Z debug
-- START CF API RESPONSE: OK 200
---

--- 2023-11-22T08:12:50.045Z debug
HEADERS: omitted; set WRANGLER_LOG_SANITIZE=false to include sanitized data
---

--- 2023-11-22T08:12:50.045Z debug
RESPONSE: omitted; set WRANGLER_LOG_SANITIZE=false to include sanitized data
---

--- 2023-11-22T08:12:50.045Z debug
-- END CF API RESPONSE
---

--- 2023-11-22T08:12:50.055Z debug
-- START CF API REQUEST: GET https://api.cloudflare.com/client/v4/accounts/b367414b5bc07c5e6e07c61d633ee0af/pages/projects/demo-calculator/upload-token
---

--- 2023-11-22T08:12:50.055Z debug
HEADERS: omitted; set WRANGLER_LOG_SANITIZE=false to include sanitized data
---

--- 2023-11-22T08:12:50.055Z debug
INIT: omitted; set WRANGLER_LOG_SANITIZE=false to include sanitized data
---

--- 2023-11-22T08:12:50.055Z debug
-- END CF API REQUEST
---

--- 2023-11-22T08:12:50.238Z debug
-- START CF API RESPONSE: OK 200
---

--- 2023-11-22T08:12:50.239Z debug
HEADERS: omitted; set WRANGLER_LOG_SANITIZE=false to include sanitized data
---

--- 2023-11-22T08:12:50.239Z debug
RESPONSE: omitted; set WRANGLER_LOG_SANITIZE=false to include sanitized data
---

--- 2023-11-22T08:12:50.239Z debug
-- END CF API RESPONSE
---

--- 2023-11-22T08:12:50.239Z debug
-- START CF API REQUEST: POST https://api.cloudflare.com/client/v4/pages/assets/check-missing
---

--- 2023-11-22T08:12:50.239Z debug
HEADERS: omitted; set WRANGLER_LOG_SANITIZE=false to include sanitized data
---

--- 2023-11-22T08:12:50.239Z debug
INIT: omitted; set WRANGLER_LOG_SANITIZE=false to include sanitized data
---

--- 2023-11-22T08:12:50.239Z debug
-- END CF API REQUEST
---

--- 2023-11-22T08:12:50.683Z debug
-- START CF API RESPONSE: OK 200
---

--- 2023-11-22T08:12:50.683Z debug
HEADERS: omitted; set WRANGLER_LOG_SANITIZE=false to include sanitized data
---

--- 2023-11-22T08:12:50.684Z debug
RESPONSE: omitted; set WRANGLER_LOG_SANITIZE=false to include sanitized data
---

--- 2023-11-22T08:12:50.684Z debug
-- END CF API RESPONSE
---

--- 2023-11-22T08:12:50.684Z log
Uploading... (10/14)
---

--- 2023-11-22T08:12:50.686Z debug
POST /pages/assets/upload
---

--- 2023-11-22T08:12:50.686Z debug
-- START CF API REQUEST: POST https://api.cloudflare.com/client/v4/pages/assets/upload
---

--- 2023-11-22T08:12:50.686Z debug
HEADERS: omitted; set WRANGLER_LOG_SANITIZE=false to include sanitized data
---

--- 2023-11-22T08:12:50.686Z debug
INIT: omitted; set WRANGLER_LOG_SANITIZE=false to include sanitized data
---

--- 2023-11-22T08:12:50.686Z debug
-- END CF API REQUEST
---

--- 2023-11-22T08:12:50.690Z debug
POST /pages/assets/upload
---

--- 2023-11-22T08:12:50.691Z debug
-- START CF API REQUEST: POST https://api.cloudflare.com/client/v4/pages/assets/upload
---

--- 2023-11-22T08:12:50.691Z debug
HEADERS: omitted; set WRANGLER_LOG_SANITIZE=false to include sanitized data
---

--- 2023-11-22T08:12:50.692Z debug
INIT: omitted; set WRANGLER_LOG_SANITIZE=false to include sanitized data
---

--- 2023-11-22T08:12:50.692Z debug
-- END CF API REQUEST
---

--- 2023-11-22T08:12:50.694Z debug
POST /pages/assets/upload
---

--- 2023-11-22T08:12:50.695Z debug
-- START CF API REQUEST: POST https://api.cloudflare.com/client/v4/pages/assets/upload
---

--- 2023-11-22T08:12:50.695Z debug
HEADERS: omitted; set WRANGLER_LOG_SANITIZE=false to include sanitized data
---

--- 2023-11-22T08:12:50.697Z debug
INIT: omitted; set WRANGLER_LOG_SANITIZE=false to include sanitized data
---

--- 2023-11-22T08:12:50.697Z debug
-- END CF API REQUEST
---

--- 2023-11-22T08:12:51.228Z debug
-- START CF API RESPONSE: OK 200
---

--- 2023-11-22T08:12:51.228Z debug
HEADERS: omitted; set WRANGLER_LOG_SANITIZE=false to include sanitized data
---

--- 2023-11-22T08:12:51.228Z debug
RESPONSE: omitted; set WRANGLER_LOG_SANITIZE=false to include sanitized data
---

--- 2023-11-22T08:12:51.228Z debug
-- END CF API RESPONSE
---

--- 2023-11-22T08:12:51.228Z debug
result: null
---

--- 2023-11-22T08:12:51.228Z log
Uploading... (11/14)
---

--- 2023-11-22T08:12:51.358Z debug
-- START CF API RESPONSE: OK 200
---

--- 2023-11-22T08:12:51.358Z debug
HEADERS: omitted; set WRANGLER_LOG_SANITIZE=false to include sanitized data
---

--- 2023-11-22T08:12:51.358Z debug
RESPONSE: omitted; set WRANGLER_LOG_SANITIZE=false to include sanitized data
---

--- 2023-11-22T08:12:51.358Z debug
-- END CF API RESPONSE
---

--- 2023-11-22T08:12:51.358Z debug
result: null
---

--- 2023-11-22T08:12:51.358Z log
Uploading... (12/14)
---

--- 2023-11-22T08:12:51.994Z debug
-- START CF API RESPONSE: OK 200
---

--- 2023-11-22T08:12:51.994Z debug
HEADERS: omitted; set WRANGLER_LOG_SANITIZE=false to include sanitized data
---

--- 2023-11-22T08:12:51.994Z debug
RESPONSE: omitted; set WRANGLER_LOG_SANITIZE=false to include sanitized data
---

--- 2023-11-22T08:12:51.994Z debug
-- END CF API RESPONSE
---

--- 2023-11-22T08:12:51.994Z debug
result: null
---

--- 2023-11-22T08:12:51.994Z log
Uploading... (14/14)
---

--- 2023-11-22T08:12:51.994Z log
✨ Success! Uploaded 4 files (10 already uploaded) (1.75 sec)

---

--- 2023-11-22T08:12:51.994Z debug
-- START CF API REQUEST: POST https://api.cloudflare.com/client/v4/pages/assets/upsert-hashes
---

--- 2023-11-22T08:12:51.995Z debug
HEADERS: omitted; set WRANGLER_LOG_SANITIZE=false to include sanitized data
---

--- 2023-11-22T08:12:51.995Z debug
INIT: omitted; set WRANGLER_LOG_SANITIZE=false to include sanitized data
---

--- 2023-11-22T08:12:51.995Z debug
-- END CF API REQUEST
---

--- 2023-11-22T08:12:52.319Z debug
-- START CF API RESPONSE: OK 200
---

--- 2023-11-22T08:12:52.319Z debug
HEADERS: omitted; set WRANGLER_LOG_SANITIZE=false to include sanitized data
---

--- 2023-11-22T08:12:52.319Z debug
RESPONSE: omitted; set WRANGLER_LOG_SANITIZE=false to include sanitized data
---

--- 2023-11-22T08:12:52.319Z debug
-- END CF API RESPONSE
---

--- 2023-11-22T08:12:52.319Z debug
-- START CF API REQUEST: POST https://api.cloudflare.com/client/v4/accounts/b367414b5bc07c5e6e07c61d633ee0af/pages/projects/demo-calculator/deployments
---

--- 2023-11-22T08:12:52.319Z debug
HEADERS: omitted; set WRANGLER_LOG_SANITIZE=false to include sanitized data
---

--- 2023-11-22T08:12:52.319Z debug
INIT: omitted; set WRANGLER_LOG_SANITIZE=false to include sanitized data
---

--- 2023-11-22T08:12:52.319Z debug
-- END CF API REQUEST
---

--- 2023-11-22T08:12:52.852Z debug
-- START CF API RESPONSE: OK 200
---

--- 2023-11-22T08:12:52.852Z debug
HEADERS: omitted; set WRANGLER_LOG_SANITIZE=false to include sanitized data
---

--- 2023-11-22T08:12:52.852Z debug
RESPONSE: omitted; set WRANGLER_LOG_SANITIZE=false to include sanitized data
---

--- 2023-11-22T08:12:52.852Z debug
-- END CF API RESPONSE
---

--- 2023-11-22T08:12:52.852Z debug
Saving to cache: {"account_id":"b367414b5bc07c5e6e07c61d633ee0af","project_name":"demo-calculator"}
---

--- 2023-11-22T08:12:52.852Z log
✨ Deployment complete! Take a peek over at https://eba49797.demo-calculator.pages.dev
---

--- 2023-11-22T08:12:52.854Z debug
-- START CF API REQUEST: GET https://api.cloudflare.com/client/v4/user
---

--- 2023-11-22T08:12:52.854Z debug
HEADERS: omitted; set WRANGLER_LOG_SANITIZE=false to include sanitized data
---

--- 2023-11-22T08:12:52.854Z debug
INIT: omitted; set WRANGLER_LOG_SANITIZE=false to include sanitized data
---

--- 2023-11-22T08:12:52.854Z debug
-- END CF API REQUEST
---

--- 2023-11-22T08:12:53.019Z debug
-- START CF API RESPONSE: Forbidden 403
---

--- 2023-11-22T08:12:53.019Z debug
HEADERS: omitted; set WRANGLER_LOG_SANITIZE=false to include sanitized data
---

--- 2023-11-22T08:12:53.019Z debug
RESPONSE: omitted; set WRANGLER_LOG_SANITIZE=false to include sanitized data
---

--- 2023-11-22T08:12:53.019Z debug
-- END CF API RESPONSE
---

--- 2023-11-22T08:12:53.019Z debug
Metrics dispatcher: Dispatching disabled - would have sent {"type":"event","name":"create pages deployment","properties":{}}.
---
