
--- 2023-11-22T07:56:12.990Z debug
🐛 Writing logs to ".wrangler/logs/wrangler-2023-11-22_07-56-12_817.log"
---

--- 2023-11-22T07:56:12.990Z warn
[33m▲ [43;33m[[43;30mWARNING[43;33m][0m [1m`wrangler pages publish` is deprecated and will be removed in the next major version.[0m

  Please use `wrangler pages deploy` instead, which accepts exactly the same arguments.


---

--- 2023-11-22T07:56:12.998Z debug
Saving to cache: {"account":{"id":"b367414b5bc07c5e6e07c61d633ee0af","name":""}}
---

--- 2023-11-22T07:56:13.028Z warn
[33m▲ [43;33m[[43;30mWARNING[43;33m][0m [1mWarning: Your working directory is a git repo and has uncommitted changes[0m

  To silence this warning, pass in --commit-dirty=true


---

--- 2023-11-22T07:56:13.030Z debug
-- START CF API REQUEST: GET https://api.cloudflare.com/client/v4/accounts/b367414b5bc07c5e6e07c61d633ee0af/pages/projects/demo-calculator
---

--- 2023-11-22T07:56:13.030Z debug
HEADERS: omitted; set WRANGLER_LOG_SANITIZE=false to include sanitized data
---

--- 2023-11-22T07:56:13.030Z debug
INIT: omitted; set WRANGLER_LOG_SANITIZE=false to include sanitized data
---

--- 2023-11-22T07:56:13.030Z debug
-- END CF API REQUEST
---

--- 2023-11-22T07:56:13.351Z debug
-- START CF API RESPONSE: OK 200
---

--- 2023-11-22T07:56:13.351Z debug
HEADERS: omitted; set WRANGLER_LOG_SANITIZE=false to include sanitized data
---

--- 2023-11-22T07:56:13.352Z debug
RESPONSE: omitted; set WRANGLER_LOG_SANITIZE=false to include sanitized data
---

--- 2023-11-22T07:56:13.352Z debug
-- END CF API RESPONSE
---

--- 2023-11-22T07:56:13.361Z debug
-- START CF API REQUEST: GET https://api.cloudflare.com/client/v4/accounts/b367414b5bc07c5e6e07c61d633ee0af/pages/projects/demo-calculator/upload-token
---

--- 2023-11-22T07:56:13.361Z debug
HEADERS: omitted; set WRANGLER_LOG_SANITIZE=false to include sanitized data
---

--- 2023-11-22T07:56:13.361Z debug
INIT: omitted; set WRANGLER_LOG_SANITIZE=false to include sanitized data
---

--- 2023-11-22T07:56:13.361Z debug
-- END CF API REQUEST
---

--- 2023-11-22T07:56:13.527Z debug
-- START CF API RESPONSE: OK 200
---

--- 2023-11-22T07:56:13.528Z debug
HEADERS: omitted; set WRANGLER_LOG_SANITIZE=false to include sanitized data
---

--- 2023-11-22T07:56:13.528Z debug
RESPONSE: omitted; set WRANGLER_LOG_SANITIZE=false to include sanitized data
---

--- 2023-11-22T07:56:13.528Z debug
-- END CF API RESPONSE
---

--- 2023-11-22T07:56:13.528Z debug
-- START CF API REQUEST: POST https://api.cloudflare.com/client/v4/pages/assets/check-missing
---

--- 2023-11-22T07:56:13.528Z debug
HEADERS: omitted; set WRANGLER_LOG_SANITIZE=false to include sanitized data
---

--- 2023-11-22T07:56:13.528Z debug
INIT: omitted; set WRANGLER_LOG_SANITIZE=false to include sanitized data
---

--- 2023-11-22T07:56:13.528Z debug
-- END CF API REQUEST
---

--- 2023-11-22T07:56:13.819Z debug
-- START CF API RESPONSE: OK 200
---

--- 2023-11-22T07:56:13.819Z debug
HEADERS: omitted; set WRANGLER_LOG_SANITIZE=false to include sanitized data
---

--- 2023-11-22T07:56:13.819Z debug
RESPONSE: omitted; set WRANGLER_LOG_SANITIZE=false to include sanitized data
---

--- 2023-11-22T07:56:13.819Z debug
-- END CF API RESPONSE
---

--- 2023-11-22T07:56:13.819Z log
Uploading... (10/14)
---

--- 2023-11-22T07:56:13.822Z debug
POST /pages/assets/upload
---

--- 2023-11-22T07:56:13.822Z debug
-- START CF API REQUEST: POST https://api.cloudflare.com/client/v4/pages/assets/upload
---

--- 2023-11-22T07:56:13.822Z debug
HEADERS: omitted; set WRANGLER_LOG_SANITIZE=false to include sanitized data
---

--- 2023-11-22T07:56:13.822Z debug
INIT: omitted; set WRANGLER_LOG_SANITIZE=false to include sanitized data
---

--- 2023-11-22T07:56:13.822Z debug
-- END CF API REQUEST
---

--- 2023-11-22T07:56:13.823Z debug
POST /pages/assets/upload
---

--- 2023-11-22T07:56:13.824Z debug
-- START CF API REQUEST: POST https://api.cloudflare.com/client/v4/pages/assets/upload
---

--- 2023-11-22T07:56:13.824Z debug
HEADERS: omitted; set WRANGLER_LOG_SANITIZE=false to include sanitized data
---

--- 2023-11-22T07:56:13.824Z debug
INIT: omitted; set WRANGLER_LOG_SANITIZE=false to include sanitized data
---

--- 2023-11-22T07:56:13.824Z debug
-- END CF API REQUEST
---

--- 2023-11-22T07:56:13.827Z debug
POST /pages/assets/upload
---

--- 2023-11-22T07:56:13.828Z debug
-- START CF API REQUEST: POST https://api.cloudflare.com/client/v4/pages/assets/upload
---

--- 2023-11-22T07:56:13.828Z debug
HEADERS: omitted; set WRANGLER_LOG_SANITIZE=false to include sanitized data
---

--- 2023-11-22T07:56:13.830Z debug
INIT: omitted; set WRANGLER_LOG_SANITIZE=false to include sanitized data
---

--- 2023-11-22T07:56:13.830Z debug
-- END CF API REQUEST
---

--- 2023-11-22T07:56:14.434Z debug
-- START CF API RESPONSE: OK 200
---

--- 2023-11-22T07:56:14.434Z debug
HEADERS: omitted; set WRANGLER_LOG_SANITIZE=false to include sanitized data
---

--- 2023-11-22T07:56:14.434Z debug
RESPONSE: omitted; set WRANGLER_LOG_SANITIZE=false to include sanitized data
---

--- 2023-11-22T07:56:14.434Z debug
-- END CF API RESPONSE
---

--- 2023-11-22T07:56:14.434Z debug
result: null
---

--- 2023-11-22T07:56:14.434Z log
Uploading... (11/14)
---

--- 2023-11-22T07:56:14.481Z debug
-- START CF API RESPONSE: OK 200
---

--- 2023-11-22T07:56:14.482Z debug
HEADERS: omitted; set WRANGLER_LOG_SANITIZE=false to include sanitized data
---

--- 2023-11-22T07:56:14.482Z debug
RESPONSE: omitted; set WRANGLER_LOG_SANITIZE=false to include sanitized data
---

--- 2023-11-22T07:56:14.482Z debug
-- END CF API RESPONSE
---

--- 2023-11-22T07:56:14.482Z debug
result: null
---

--- 2023-11-22T07:56:14.482Z log
Uploading... (12/14)
---

--- 2023-11-22T07:56:14.900Z debug
-- START CF API RESPONSE: OK 200
---

--- 2023-11-22T07:56:14.900Z debug
HEADERS: omitted; set WRANGLER_LOG_SANITIZE=false to include sanitized data
---

--- 2023-11-22T07:56:14.900Z debug
RESPONSE: omitted; set WRANGLER_LOG_SANITIZE=false to include sanitized data
---

--- 2023-11-22T07:56:14.900Z debug
-- END CF API RESPONSE
---

--- 2023-11-22T07:56:14.901Z debug
result: null
---

--- 2023-11-22T07:56:14.901Z log
Uploading... (14/14)
---

--- 2023-11-22T07:56:14.901Z log
✨ Success! Uploaded 4 files (10 already uploaded) (1.37 sec)

---

--- 2023-11-22T07:56:14.901Z debug
-- START CF API REQUEST: POST https://api.cloudflare.com/client/v4/pages/assets/upsert-hashes
---

--- 2023-11-22T07:56:14.901Z debug
HEADERS: omitted; set WRANGLER_LOG_SANITIZE=false to include sanitized data
---

--- 2023-11-22T07:56:14.901Z debug
INIT: omitted; set WRANGLER_LOG_SANITIZE=false to include sanitized data
---

--- 2023-11-22T07:56:14.901Z debug
-- END CF API REQUEST
---

--- 2023-11-22T07:56:15.168Z debug
-- START CF API RESPONSE: OK 200
---

--- 2023-11-22T07:56:15.168Z debug
HEADERS: omitted; set WRANGLER_LOG_SANITIZE=false to include sanitized data
---

--- 2023-11-22T07:56:15.168Z debug
RESPONSE: omitted; set WRANGLER_LOG_SANITIZE=false to include sanitized data
---

--- 2023-11-22T07:56:15.168Z debug
-- END CF API RESPONSE
---

--- 2023-11-22T07:56:15.168Z debug
-- START CF API REQUEST: POST https://api.cloudflare.com/client/v4/accounts/b367414b5bc07c5e6e07c61d633ee0af/pages/projects/demo-calculator/deployments
---

--- 2023-11-22T07:56:15.168Z debug
HEADERS: omitted; set WRANGLER_LOG_SANITIZE=false to include sanitized data
---

--- 2023-11-22T07:56:15.168Z debug
INIT: omitted; set WRANGLER_LOG_SANITIZE=false to include sanitized data
---

--- 2023-11-22T07:56:15.168Z debug
-- END CF API REQUEST
---

--- 2023-11-22T07:56:15.737Z debug
-- START CF API RESPONSE: OK 200
---

--- 2023-11-22T07:56:15.737Z debug
HEADERS: omitted; set WRANGLER_LOG_SANITIZE=false to include sanitized data
---

--- 2023-11-22T07:56:15.737Z debug
RESPONSE: omitted; set WRANGLER_LOG_SANITIZE=false to include sanitized data
---

--- 2023-11-22T07:56:15.737Z debug
-- END CF API RESPONSE
---

--- 2023-11-22T07:56:15.737Z debug
Saving to cache: {"account_id":"b367414b5bc07c5e6e07c61d633ee0af","project_name":"demo-calculator"}
---

--- 2023-11-22T07:56:15.737Z log
✨ Deployment complete! Take a peek over at https://03b65e24.demo-calculator.pages.dev
---

--- 2023-11-22T07:56:15.739Z debug
-- START CF API REQUEST: GET https://api.cloudflare.com/client/v4/user
---

--- 2023-11-22T07:56:15.739Z debug
HEADERS: omitted; set WRANGLER_LOG_SANITIZE=false to include sanitized data
---

--- 2023-11-22T07:56:15.739Z debug
INIT: omitted; set WRANGLER_LOG_SANITIZE=false to include sanitized data
---

--- 2023-11-22T07:56:15.739Z debug
-- END CF API REQUEST
---

--- 2023-11-22T07:56:15.888Z debug
-- START CF API RESPONSE: Forbidden 403
---

--- 2023-11-22T07:56:15.888Z debug
HEADERS: omitted; set WRANGLER_LOG_SANITIZE=false to include sanitized data
---

--- 2023-11-22T07:56:15.888Z debug
RESPONSE: omitted; set WRANGLER_LOG_SANITIZE=false to include sanitized data
---

--- 2023-11-22T07:56:15.888Z debug
-- END CF API RESPONSE
---

--- 2023-11-22T07:56:15.888Z debug
Metrics dispatcher: Dispatching disabled - would have sent {"type":"event","name":"create pages deployment","properties":{}}.
---
