
--- 2023-11-22T07:32:57.965Z debug
🐛 Writing logs to ".wrangler/logs/wrangler-2023-11-22_07-32-57_789.log"
---

--- 2023-11-22T07:32:57.965Z warn
[33m▲ [43;33m[[43;30mWARNING[43;33m][0m [1m`wrangler pages publish` is deprecated and will be removed in the next major version.[0m

  Please use `wrangler pages deploy` instead, which accepts exactly the same arguments.


---

--- 2023-11-22T07:32:57.974Z debug
Saving to cache: {"account":{"id":"b367414b5bc07c5e6e07c61d633ee0af","name":""}}
---

--- 2023-11-22T07:32:58.004Z warn
[33m▲ [43;33m[[43;30mWARNING[43;33m][0m [1mWarning: Your working directory is a git repo and has uncommitted changes[0m

  To silence this warning, pass in --commit-dirty=true


---

--- 2023-11-22T07:32:58.005Z debug
-- START CF API REQUEST: GET https://api.cloudflare.com/client/v4/accounts/b367414b5bc07c5e6e07c61d633ee0af/pages/projects/demo-calculator
---

--- 2023-11-22T07:32:58.005Z debug
HEADERS: omitted; set WRANGLER_LOG_SANITIZE=false to include sanitized data
---

--- 2023-11-22T07:32:58.005Z debug
INIT: omitted; set WRANGLER_LOG_SANITIZE=false to include sanitized data
---

--- 2023-11-22T07:32:58.005Z debug
-- END CF API REQUEST
---

--- 2023-11-22T07:32:58.380Z debug
-- START CF API RESPONSE: OK 200
---

--- 2023-11-22T07:32:58.381Z debug
HEADERS: omitted; set WRANGLER_LOG_SANITIZE=false to include sanitized data
---

--- 2023-11-22T07:32:58.381Z debug
RESPONSE: omitted; set WRANGLER_LOG_SANITIZE=false to include sanitized data
---

--- 2023-11-22T07:32:58.381Z debug
-- END CF API RESPONSE
---

--- 2023-11-22T07:32:58.391Z debug
-- START CF API REQUEST: GET https://api.cloudflare.com/client/v4/accounts/b367414b5bc07c5e6e07c61d633ee0af/pages/projects/demo-calculator/upload-token
---

--- 2023-11-22T07:32:58.391Z debug
HEADERS: omitted; set WRANGLER_LOG_SANITIZE=false to include sanitized data
---

--- 2023-11-22T07:32:58.391Z debug
INIT: omitted; set WRANGLER_LOG_SANITIZE=false to include sanitized data
---

--- 2023-11-22T07:32:58.391Z debug
-- END CF API REQUEST
---

--- 2023-11-22T07:32:58.574Z debug
-- START CF API RESPONSE: OK 200
---

--- 2023-11-22T07:32:58.574Z debug
HEADERS: omitted; set WRANGLER_LOG_SANITIZE=false to include sanitized data
---

--- 2023-11-22T07:32:58.574Z debug
RESPONSE: omitted; set WRANGLER_LOG_SANITIZE=false to include sanitized data
---

--- 2023-11-22T07:32:58.574Z debug
-- END CF API RESPONSE
---

--- 2023-11-22T07:32:58.575Z debug
-- START CF API REQUEST: POST https://api.cloudflare.com/client/v4/pages/assets/check-missing
---

--- 2023-11-22T07:32:58.575Z debug
HEADERS: omitted; set WRANGLER_LOG_SANITIZE=false to include sanitized data
---

--- 2023-11-22T07:32:58.575Z debug
INIT: omitted; set WRANGLER_LOG_SANITIZE=false to include sanitized data
---

--- 2023-11-22T07:32:58.575Z debug
-- END CF API REQUEST
---

--- 2023-11-22T07:32:58.992Z debug
-- START CF API RESPONSE: OK 200
---

--- 2023-11-22T07:32:58.992Z debug
HEADERS: omitted; set WRANGLER_LOG_SANITIZE=false to include sanitized data
---

--- 2023-11-22T07:32:58.992Z debug
RESPONSE: omitted; set WRANGLER_LOG_SANITIZE=false to include sanitized data
---

--- 2023-11-22T07:32:58.992Z debug
-- END CF API RESPONSE
---

--- 2023-11-22T07:32:58.992Z log
Uploading... (8/14)
---

--- 2023-11-22T07:32:58.995Z debug
POST /pages/assets/upload
---

--- 2023-11-22T07:32:58.995Z debug
-- START CF API REQUEST: POST https://api.cloudflare.com/client/v4/pages/assets/upload
---

--- 2023-11-22T07:32:58.995Z debug
HEADERS: omitted; set WRANGLER_LOG_SANITIZE=false to include sanitized data
---

--- 2023-11-22T07:32:58.995Z debug
INIT: omitted; set WRANGLER_LOG_SANITIZE=false to include sanitized data
---

--- 2023-11-22T07:32:58.995Z debug
-- END CF API REQUEST
---

--- 2023-11-22T07:32:58.996Z debug
POST /pages/assets/upload
---

--- 2023-11-22T07:32:58.997Z debug
-- START CF API REQUEST: POST https://api.cloudflare.com/client/v4/pages/assets/upload
---

--- 2023-11-22T07:32:58.997Z debug
HEADERS: omitted; set WRANGLER_LOG_SANITIZE=false to include sanitized data
---

--- 2023-11-22T07:32:58.997Z debug
INIT: omitted; set WRANGLER_LOG_SANITIZE=false to include sanitized data
---

--- 2023-11-22T07:32:58.997Z debug
-- END CF API REQUEST
---

--- 2023-11-22T07:32:59.000Z debug
POST /pages/assets/upload
---

--- 2023-11-22T07:32:59.001Z debug
-- START CF API REQUEST: POST https://api.cloudflare.com/client/v4/pages/assets/upload
---

--- 2023-11-22T07:32:59.001Z debug
HEADERS: omitted; set WRANGLER_LOG_SANITIZE=false to include sanitized data
---

--- 2023-11-22T07:32:59.003Z debug
INIT: omitted; set WRANGLER_LOG_SANITIZE=false to include sanitized data
---

--- 2023-11-22T07:32:59.003Z debug
-- END CF API REQUEST
---

--- 2023-11-22T07:32:59.503Z debug
-- START CF API RESPONSE: OK 200
---

--- 2023-11-22T07:32:59.504Z debug
HEADERS: omitted; set WRANGLER_LOG_SANITIZE=false to include sanitized data
---

--- 2023-11-22T07:32:59.504Z debug
RESPONSE: omitted; set WRANGLER_LOG_SANITIZE=false to include sanitized data
---

--- 2023-11-22T07:32:59.504Z debug
-- END CF API RESPONSE
---

--- 2023-11-22T07:32:59.504Z debug
result: null
---

--- 2023-11-22T07:32:59.504Z log
Uploading... (10/14)
---

--- 2023-11-22T07:32:59.927Z debug
-- START CF API RESPONSE: OK 200
---

--- 2023-11-22T07:32:59.927Z debug
HEADERS: omitted; set WRANGLER_LOG_SANITIZE=false to include sanitized data
---

--- 2023-11-22T07:32:59.927Z debug
RESPONSE: omitted; set WRANGLER_LOG_SANITIZE=false to include sanitized data
---

--- 2023-11-22T07:32:59.927Z debug
-- END CF API RESPONSE
---

--- 2023-11-22T07:32:59.927Z debug
result: null
---

--- 2023-11-22T07:32:59.927Z log
Uploading... (12/14)
---

--- 2023-11-22T07:33:00.446Z debug
-- START CF API RESPONSE: OK 200
---

--- 2023-11-22T07:33:00.447Z debug
HEADERS: omitted; set WRANGLER_LOG_SANITIZE=false to include sanitized data
---

--- 2023-11-22T07:33:00.447Z debug
RESPONSE: omitted; set WRANGLER_LOG_SANITIZE=false to include sanitized data
---

--- 2023-11-22T07:33:00.447Z debug
-- END CF API RESPONSE
---

--- 2023-11-22T07:33:00.447Z debug
result: null
---

--- 2023-11-22T07:33:00.447Z log
Uploading... (14/14)
---

--- 2023-11-22T07:33:00.447Z log
✨ Success! Uploaded 6 files (8 already uploaded) (1.87 sec)

---

--- 2023-11-22T07:33:00.447Z debug
-- START CF API REQUEST: POST https://api.cloudflare.com/client/v4/pages/assets/upsert-hashes
---

--- 2023-11-22T07:33:00.447Z debug
HEADERS: omitted; set WRANGLER_LOG_SANITIZE=false to include sanitized data
---

--- 2023-11-22T07:33:00.447Z debug
INIT: omitted; set WRANGLER_LOG_SANITIZE=false to include sanitized data
---

--- 2023-11-22T07:33:00.447Z debug
-- END CF API REQUEST
---

--- 2023-11-22T07:33:00.849Z debug
-- START CF API RESPONSE: OK 200
---

--- 2023-11-22T07:33:00.849Z debug
HEADERS: omitted; set WRANGLER_LOG_SANITIZE=false to include sanitized data
---

--- 2023-11-22T07:33:00.849Z debug
RESPONSE: omitted; set WRANGLER_LOG_SANITIZE=false to include sanitized data
---

--- 2023-11-22T07:33:00.849Z debug
-- END CF API RESPONSE
---

--- 2023-11-22T07:33:00.849Z debug
-- START CF API REQUEST: POST https://api.cloudflare.com/client/v4/accounts/b367414b5bc07c5e6e07c61d633ee0af/pages/projects/demo-calculator/deployments
---

--- 2023-11-22T07:33:00.849Z debug
HEADERS: omitted; set WRANGLER_LOG_SANITIZE=false to include sanitized data
---

--- 2023-11-22T07:33:00.849Z debug
INIT: omitted; set WRANGLER_LOG_SANITIZE=false to include sanitized data
---

--- 2023-11-22T07:33:00.849Z debug
-- END CF API REQUEST
---

--- 2023-11-22T07:33:01.432Z debug
-- START CF API RESPONSE: OK 200
---

--- 2023-11-22T07:33:01.432Z debug
HEADERS: omitted; set WRANGLER_LOG_SANITIZE=false to include sanitized data
---

--- 2023-11-22T07:33:01.432Z debug
RESPONSE: omitted; set WRANGLER_LOG_SANITIZE=false to include sanitized data
---

--- 2023-11-22T07:33:01.432Z debug
-- END CF API RESPONSE
---

--- 2023-11-22T07:33:01.432Z debug
Saving to cache: {"account_id":"b367414b5bc07c5e6e07c61d633ee0af","project_name":"demo-calculator"}
---

--- 2023-11-22T07:33:01.432Z log
✨ Deployment complete! Take a peek over at https://ef33e0d5.demo-calculator.pages.dev
---

--- 2023-11-22T07:33:01.434Z debug
-- START CF API REQUEST: GET https://api.cloudflare.com/client/v4/user
---

--- 2023-11-22T07:33:01.434Z debug
HEADERS: omitted; set WRANGLER_LOG_SANITIZE=false to include sanitized data
---

--- 2023-11-22T07:33:01.434Z debug
INIT: omitted; set WRANGLER_LOG_SANITIZE=false to include sanitized data
---

--- 2023-11-22T07:33:01.434Z debug
-- END CF API REQUEST
---

--- 2023-11-22T07:33:01.536Z debug
-- START CF API RESPONSE: Forbidden 403
---

--- 2023-11-22T07:33:01.536Z debug
HEADERS: omitted; set WRANGLER_LOG_SANITIZE=false to include sanitized data
---

--- 2023-11-22T07:33:01.536Z debug
RESPONSE: omitted; set WRANGLER_LOG_SANITIZE=false to include sanitized data
---

--- 2023-11-22T07:33:01.536Z debug
-- END CF API RESPONSE
---

--- 2023-11-22T07:33:01.536Z debug
Metrics dispatcher: Dispatching disabled - would have sent {"type":"event","name":"create pages deployment","properties":{}}.
---
