
--- 2023-11-22T07:49:59.186Z debug
🐛 Writing logs to ".wrangler/logs/wrangler-2023-11-22_07-49-59_011.log"
---

--- 2023-11-22T07:49:59.186Z warn
[33m▲ [43;33m[[43;30mWARNING[43;33m][0m [1m`wrangler pages publish` is deprecated and will be removed in the next major version.[0m

  Please use `wrangler pages deploy` instead, which accepts exactly the same arguments.


---

--- 2023-11-22T07:49:59.194Z debug
Saving to cache: {"account":{"id":"b367414b5bc07c5e6e07c61d633ee0af","name":""}}
---

--- 2023-11-22T07:49:59.224Z warn
[33m▲ [43;33m[[43;30mWARNING[43;33m][0m [1mWarning: Your working directory is a git repo and has uncommitted changes[0m

  To silence this warning, pass in --commit-dirty=true


---

--- 2023-11-22T07:49:59.226Z debug
-- START CF API REQUEST: GET https://api.cloudflare.com/client/v4/accounts/b367414b5bc07c5e6e07c61d633ee0af/pages/projects/demo-calculator
---

--- 2023-11-22T07:49:59.226Z debug
HEADERS: omitted; set WRANGLER_LOG_SANITIZE=false to include sanitized data
---

--- 2023-11-22T07:49:59.226Z debug
INIT: omitted; set WRANGLER_LOG_SANITIZE=false to include sanitized data
---

--- 2023-11-22T07:49:59.226Z debug
-- END CF API REQUEST
---

--- 2023-11-22T07:50:00.113Z debug
-- START CF API RESPONSE: OK 200
---

--- 2023-11-22T07:50:00.113Z debug
HEADERS: omitted; set WRANGLER_LOG_SANITIZE=false to include sanitized data
---

--- 2023-11-22T07:50:00.113Z debug
RESPONSE: omitted; set WRANGLER_LOG_SANITIZE=false to include sanitized data
---

--- 2023-11-22T07:50:00.113Z debug
-- END CF API RESPONSE
---

--- 2023-11-22T07:50:00.126Z debug
-- START CF API REQUEST: GET https://api.cloudflare.com/client/v4/accounts/b367414b5bc07c5e6e07c61d633ee0af/pages/projects/demo-calculator/upload-token
---

--- 2023-11-22T07:50:00.126Z debug
HEADERS: omitted; set WRANGLER_LOG_SANITIZE=false to include sanitized data
---

--- 2023-11-22T07:50:00.126Z debug
INIT: omitted; set WRANGLER_LOG_SANITIZE=false to include sanitized data
---

--- 2023-11-22T07:50:00.126Z debug
-- END CF API REQUEST
---

--- 2023-11-22T07:50:01.038Z debug
-- START CF API RESPONSE: OK 200
---

--- 2023-11-22T07:50:01.038Z debug
HEADERS: omitted; set WRANGLER_LOG_SANITIZE=false to include sanitized data
---

--- 2023-11-22T07:50:01.038Z debug
RESPONSE: omitted; set WRANGLER_LOG_SANITIZE=false to include sanitized data
---

--- 2023-11-22T07:50:01.038Z debug
-- END CF API RESPONSE
---

--- 2023-11-22T07:50:01.039Z debug
-- START CF API REQUEST: POST https://api.cloudflare.com/client/v4/pages/assets/check-missing
---

--- 2023-11-22T07:50:01.039Z debug
HEADERS: omitted; set WRANGLER_LOG_SANITIZE=false to include sanitized data
---

--- 2023-11-22T07:50:01.039Z debug
INIT: omitted; set WRANGLER_LOG_SANITIZE=false to include sanitized data
---

--- 2023-11-22T07:50:01.039Z debug
-- END CF API REQUEST
---

--- 2023-11-22T07:50:01.931Z debug
-- START CF API RESPONSE: OK 200
---

--- 2023-11-22T07:50:01.931Z debug
HEADERS: omitted; set WRANGLER_LOG_SANITIZE=false to include sanitized data
---

--- 2023-11-22T07:50:01.931Z debug
RESPONSE: omitted; set WRANGLER_LOG_SANITIZE=false to include sanitized data
---

--- 2023-11-22T07:50:01.931Z debug
-- END CF API RESPONSE
---

--- 2023-11-22T07:50:01.931Z log
Uploading... (10/14)
---

--- 2023-11-22T07:50:01.933Z debug
POST /pages/assets/upload
---

--- 2023-11-22T07:50:01.933Z debug
-- START CF API REQUEST: POST https://api.cloudflare.com/client/v4/pages/assets/upload
---

--- 2023-11-22T07:50:01.933Z debug
HEADERS: omitted; set WRANGLER_LOG_SANITIZE=false to include sanitized data
---

--- 2023-11-22T07:50:01.933Z debug
INIT: omitted; set WRANGLER_LOG_SANITIZE=false to include sanitized data
---

--- 2023-11-22T07:50:01.933Z debug
-- END CF API REQUEST
---

--- 2023-11-22T07:50:01.934Z debug
POST /pages/assets/upload
---

--- 2023-11-22T07:50:01.935Z debug
-- START CF API REQUEST: POST https://api.cloudflare.com/client/v4/pages/assets/upload
---

--- 2023-11-22T07:50:01.935Z debug
HEADERS: omitted; set WRANGLER_LOG_SANITIZE=false to include sanitized data
---

--- 2023-11-22T07:50:01.936Z debug
INIT: omitted; set WRANGLER_LOG_SANITIZE=false to include sanitized data
---

--- 2023-11-22T07:50:01.936Z debug
-- END CF API REQUEST
---

--- 2023-11-22T07:50:01.941Z debug
POST /pages/assets/upload
---

--- 2023-11-22T07:50:01.942Z debug
-- START CF API REQUEST: POST https://api.cloudflare.com/client/v4/pages/assets/upload
---

--- 2023-11-22T07:50:01.942Z debug
HEADERS: omitted; set WRANGLER_LOG_SANITIZE=false to include sanitized data
---

--- 2023-11-22T07:50:01.944Z debug
INIT: omitted; set WRANGLER_LOG_SANITIZE=false to include sanitized data
---

--- 2023-11-22T07:50:01.944Z debug
-- END CF API REQUEST
---

--- 2023-11-22T07:50:04.156Z debug
-- START CF API RESPONSE: OK 200
---

--- 2023-11-22T07:50:04.156Z debug
HEADERS: omitted; set WRANGLER_LOG_SANITIZE=false to include sanitized data
---

--- 2023-11-22T07:50:04.156Z debug
RESPONSE: omitted; set WRANGLER_LOG_SANITIZE=false to include sanitized data
---

--- 2023-11-22T07:50:04.156Z debug
-- END CF API RESPONSE
---

--- 2023-11-22T07:50:04.156Z debug
result: null
---

--- 2023-11-22T07:50:04.156Z log
Uploading... (11/14)
---

--- 2023-11-22T07:50:06.623Z debug
-- START CF API RESPONSE: OK 200
---

--- 2023-11-22T07:50:06.623Z debug
HEADERS: omitted; set WRANGLER_LOG_SANITIZE=false to include sanitized data
---

--- 2023-11-22T07:50:06.623Z debug
RESPONSE: omitted; set WRANGLER_LOG_SANITIZE=false to include sanitized data
---

--- 2023-11-22T07:50:06.623Z debug
-- END CF API RESPONSE
---

--- 2023-11-22T07:50:06.623Z debug
result: null
---

--- 2023-11-22T07:50:06.623Z log
Uploading... (12/14)
---

--- 2023-11-22T07:50:07.304Z debug
-- START CF API RESPONSE: OK 200
---

--- 2023-11-22T07:50:07.304Z debug
HEADERS: omitted; set WRANGLER_LOG_SANITIZE=false to include sanitized data
---

--- 2023-11-22T07:50:07.304Z debug
RESPONSE: omitted; set WRANGLER_LOG_SANITIZE=false to include sanitized data
---

--- 2023-11-22T07:50:07.304Z debug
-- END CF API RESPONSE
---

--- 2023-11-22T07:50:07.304Z debug
result: null
---

--- 2023-11-22T07:50:07.304Z log
Uploading... (14/14)
---

--- 2023-11-22T07:50:07.304Z log
✨ Success! Uploaded 4 files (10 already uploaded) (6.27 sec)

---

--- 2023-11-22T07:50:07.304Z debug
-- START CF API REQUEST: POST https://api.cloudflare.com/client/v4/pages/assets/upsert-hashes
---

--- 2023-11-22T07:50:07.304Z debug
HEADERS: omitted; set WRANGLER_LOG_SANITIZE=false to include sanitized data
---

--- 2023-11-22T07:50:07.304Z debug
INIT: omitted; set WRANGLER_LOG_SANITIZE=false to include sanitized data
---

--- 2023-11-22T07:50:07.304Z debug
-- END CF API REQUEST
---

--- 2023-11-22T07:50:08.116Z debug
-- START CF API RESPONSE: OK 200
---

--- 2023-11-22T07:50:08.116Z debug
HEADERS: omitted; set WRANGLER_LOG_SANITIZE=false to include sanitized data
---

--- 2023-11-22T07:50:08.116Z debug
RESPONSE: omitted; set WRANGLER_LOG_SANITIZE=false to include sanitized data
---

--- 2023-11-22T07:50:08.116Z debug
-- END CF API RESPONSE
---

--- 2023-11-22T07:50:08.116Z debug
-- START CF API REQUEST: POST https://api.cloudflare.com/client/v4/accounts/b367414b5bc07c5e6e07c61d633ee0af/pages/projects/demo-calculator/deployments
---

--- 2023-11-22T07:50:08.116Z debug
HEADERS: omitted; set WRANGLER_LOG_SANITIZE=false to include sanitized data
---

--- 2023-11-22T07:50:08.116Z debug
INIT: omitted; set WRANGLER_LOG_SANITIZE=false to include sanitized data
---

--- 2023-11-22T07:50:08.116Z debug
-- END CF API REQUEST
---

--- 2023-11-22T07:50:09.179Z debug
-- START CF API RESPONSE: OK 200
---

--- 2023-11-22T07:50:09.179Z debug
HEADERS: omitted; set WRANGLER_LOG_SANITIZE=false to include sanitized data
---

--- 2023-11-22T07:50:09.179Z debug
RESPONSE: omitted; set WRANGLER_LOG_SANITIZE=false to include sanitized data
---

--- 2023-11-22T07:50:09.179Z debug
-- END CF API RESPONSE
---

--- 2023-11-22T07:50:09.179Z debug
Saving to cache: {"account_id":"b367414b5bc07c5e6e07c61d633ee0af","project_name":"demo-calculator"}
---

--- 2023-11-22T07:50:09.179Z log
✨ Deployment complete! Take a peek over at https://c7fd7236.demo-calculator.pages.dev
---

--- 2023-11-22T07:50:09.181Z debug
-- START CF API REQUEST: GET https://api.cloudflare.com/client/v4/user
---

--- 2023-11-22T07:50:09.181Z debug
HEADERS: omitted; set WRANGLER_LOG_SANITIZE=false to include sanitized data
---

--- 2023-11-22T07:50:09.181Z debug
INIT: omitted; set WRANGLER_LOG_SANITIZE=false to include sanitized data
---

--- 2023-11-22T07:50:09.181Z debug
-- END CF API REQUEST
---

--- 2023-11-22T07:50:10.004Z debug
-- START CF API RESPONSE: Forbidden 403
---

--- 2023-11-22T07:50:10.004Z debug
HEADERS: omitted; set WRANGLER_LOG_SANITIZE=false to include sanitized data
---

--- 2023-11-22T07:50:10.004Z debug
RESPONSE: omitted; set WRANGLER_LOG_SANITIZE=false to include sanitized data
---

--- 2023-11-22T07:50:10.004Z debug
-- END CF API RESPONSE
---

--- 2023-11-22T07:50:10.004Z debug
Metrics dispatcher: Dispatching disabled - would have sent {"type":"event","name":"create pages deployment","properties":{}}.
---
