
--- 2023-11-22T07:36:09.916Z debug
🐛 Writing logs to ".wrangler/logs/wrangler-2023-11-22_07-36-09_738.log"
---

--- 2023-11-22T07:36:09.916Z warn
[33m▲ [43;33m[[43;30mWARNING[43;33m][0m [1m`wrangler pages publish` is deprecated and will be removed in the next major version.[0m

  Please use `wrangler pages deploy` instead, which accepts exactly the same arguments.


---

--- 2023-11-22T07:36:09.924Z debug
Saving to cache: {"account":{"id":"b367414b5bc07c5e6e07c61d633ee0af","name":""}}
---

--- 2023-11-22T07:36:09.956Z warn
[33m▲ [43;33m[[43;30mWARNING[43;33m][0m [1mWarning: Your working directory is a git repo and has uncommitted changes[0m

  To silence this warning, pass in --commit-dirty=true


---

--- 2023-11-22T07:36:09.958Z debug
-- START CF API REQUEST: GET https://api.cloudflare.com/client/v4/accounts/b367414b5bc07c5e6e07c61d633ee0af/pages/projects/demo-calculator
---

--- 2023-11-22T07:36:09.958Z debug
HEADERS: omitted; set WRANGLER_LOG_SANITIZE=false to include sanitized data
---

--- 2023-11-22T07:36:09.958Z debug
INIT: omitted; set WRANGLER_LOG_SANITIZE=false to include sanitized data
---

--- 2023-11-22T07:36:09.958Z debug
-- END CF API REQUEST
---

--- 2023-11-22T07:36:10.250Z debug
-- START CF API RESPONSE: OK 200
---

--- 2023-11-22T07:36:10.251Z debug
HEADERS: omitted; set WRANGLER_LOG_SANITIZE=false to include sanitized data
---

--- 2023-11-22T07:36:10.251Z debug
RESPONSE: omitted; set WRANGLER_LOG_SANITIZE=false to include sanitized data
---

--- 2023-11-22T07:36:10.251Z debug
-- END CF API RESPONSE
---

--- 2023-11-22T07:36:10.261Z debug
-- START CF API REQUEST: GET https://api.cloudflare.com/client/v4/accounts/b367414b5bc07c5e6e07c61d633ee0af/pages/projects/demo-calculator/upload-token
---

--- 2023-11-22T07:36:10.261Z debug
HEADERS: omitted; set WRANGLER_LOG_SANITIZE=false to include sanitized data
---

--- 2023-11-22T07:36:10.261Z debug
INIT: omitted; set WRANGLER_LOG_SANITIZE=false to include sanitized data
---

--- 2023-11-22T07:36:10.261Z debug
-- END CF API REQUEST
---

--- 2023-11-22T07:36:10.440Z debug
-- START CF API RESPONSE: OK 200
---

--- 2023-11-22T07:36:10.440Z debug
HEADERS: omitted; set WRANGLER_LOG_SANITIZE=false to include sanitized data
---

--- 2023-11-22T07:36:10.440Z debug
RESPONSE: omitted; set WRANGLER_LOG_SANITIZE=false to include sanitized data
---

--- 2023-11-22T07:36:10.440Z debug
-- END CF API RESPONSE
---

--- 2023-11-22T07:36:10.440Z debug
-- START CF API REQUEST: POST https://api.cloudflare.com/client/v4/pages/assets/check-missing
---

--- 2023-11-22T07:36:10.440Z debug
HEADERS: omitted; set WRANGLER_LOG_SANITIZE=false to include sanitized data
---

--- 2023-11-22T07:36:10.440Z debug
INIT: omitted; set WRANGLER_LOG_SANITIZE=false to include sanitized data
---

--- 2023-11-22T07:36:10.440Z debug
-- END CF API REQUEST
---

--- 2023-11-22T07:36:10.852Z debug
-- START CF API RESPONSE: OK 200
---

--- 2023-11-22T07:36:10.852Z debug
HEADERS: omitted; set WRANGLER_LOG_SANITIZE=false to include sanitized data
---

--- 2023-11-22T07:36:10.852Z debug
RESPONSE: omitted; set WRANGLER_LOG_SANITIZE=false to include sanitized data
---

--- 2023-11-22T07:36:10.852Z debug
-- END CF API RESPONSE
---

--- 2023-11-22T07:36:10.853Z log
Uploading... (10/14)
---

--- 2023-11-22T07:36:10.855Z debug
POST /pages/assets/upload
---

--- 2023-11-22T07:36:10.855Z debug
-- START CF API REQUEST: POST https://api.cloudflare.com/client/v4/pages/assets/upload
---

--- 2023-11-22T07:36:10.855Z debug
HEADERS: omitted; set WRANGLER_LOG_SANITIZE=false to include sanitized data
---

--- 2023-11-22T07:36:10.855Z debug
INIT: omitted; set WRANGLER_LOG_SANITIZE=false to include sanitized data
---

--- 2023-11-22T07:36:10.855Z debug
-- END CF API REQUEST
---

--- 2023-11-22T07:36:10.856Z debug
POST /pages/assets/upload
---

--- 2023-11-22T07:36:10.857Z debug
-- START CF API REQUEST: POST https://api.cloudflare.com/client/v4/pages/assets/upload
---

--- 2023-11-22T07:36:10.857Z debug
HEADERS: omitted; set WRANGLER_LOG_SANITIZE=false to include sanitized data
---

--- 2023-11-22T07:36:10.857Z debug
INIT: omitted; set WRANGLER_LOG_SANITIZE=false to include sanitized data
---

--- 2023-11-22T07:36:10.857Z debug
-- END CF API REQUEST
---

--- 2023-11-22T07:36:10.860Z debug
POST /pages/assets/upload
---

--- 2023-11-22T07:36:10.861Z debug
-- START CF API REQUEST: POST https://api.cloudflare.com/client/v4/pages/assets/upload
---

--- 2023-11-22T07:36:10.861Z debug
HEADERS: omitted; set WRANGLER_LOG_SANITIZE=false to include sanitized data
---

--- 2023-11-22T07:36:10.863Z debug
INIT: omitted; set WRANGLER_LOG_SANITIZE=false to include sanitized data
---

--- 2023-11-22T07:36:10.863Z debug
-- END CF API REQUEST
---

--- 2023-11-22T07:36:11.427Z debug
-- START CF API RESPONSE: OK 200
---

--- 2023-11-22T07:36:11.427Z debug
HEADERS: omitted; set WRANGLER_LOG_SANITIZE=false to include sanitized data
---

--- 2023-11-22T07:36:11.427Z debug
RESPONSE: omitted; set WRANGLER_LOG_SANITIZE=false to include sanitized data
---

--- 2023-11-22T07:36:11.427Z debug
-- END CF API RESPONSE
---

--- 2023-11-22T07:36:11.428Z debug
result: null
---

--- 2023-11-22T07:36:11.428Z log
Uploading... (11/14)
---

--- 2023-11-22T07:36:11.694Z debug
-- START CF API RESPONSE: OK 200
---

--- 2023-11-22T07:36:11.694Z debug
HEADERS: omitted; set WRANGLER_LOG_SANITIZE=false to include sanitized data
---

--- 2023-11-22T07:36:11.694Z debug
RESPONSE: omitted; set WRANGLER_LOG_SANITIZE=false to include sanitized data
---

--- 2023-11-22T07:36:11.694Z debug
-- END CF API RESPONSE
---

--- 2023-11-22T07:36:11.694Z debug
result: null
---

--- 2023-11-22T07:36:11.694Z log
Uploading... (12/14)
---

--- 2023-11-22T07:36:12.080Z debug
-- START CF API RESPONSE: OK 200
---

--- 2023-11-22T07:36:12.080Z debug
HEADERS: omitted; set WRANGLER_LOG_SANITIZE=false to include sanitized data
---

--- 2023-11-22T07:36:12.080Z debug
RESPONSE: omitted; set WRANGLER_LOG_SANITIZE=false to include sanitized data
---

--- 2023-11-22T07:36:12.080Z debug
-- END CF API RESPONSE
---

--- 2023-11-22T07:36:12.080Z debug
result: null
---

--- 2023-11-22T07:36:12.080Z log
Uploading... (14/14)
---

--- 2023-11-22T07:36:12.080Z log
✨ Success! Uploaded 4 files (10 already uploaded) (1.64 sec)

---

--- 2023-11-22T07:36:12.080Z debug
-- START CF API REQUEST: POST https://api.cloudflare.com/client/v4/pages/assets/upsert-hashes
---

--- 2023-11-22T07:36:12.081Z debug
HEADERS: omitted; set WRANGLER_LOG_SANITIZE=false to include sanitized data
---

--- 2023-11-22T07:36:12.081Z debug
INIT: omitted; set WRANGLER_LOG_SANITIZE=false to include sanitized data
---

--- 2023-11-22T07:36:12.081Z debug
-- END CF API REQUEST
---

--- 2023-11-22T07:36:12.566Z debug
-- START CF API RESPONSE: OK 200
---

--- 2023-11-22T07:36:12.566Z debug
HEADERS: omitted; set WRANGLER_LOG_SANITIZE=false to include sanitized data
---

--- 2023-11-22T07:36:12.566Z debug
RESPONSE: omitted; set WRANGLER_LOG_SANITIZE=false to include sanitized data
---

--- 2023-11-22T07:36:12.566Z debug
-- END CF API RESPONSE
---

--- 2023-11-22T07:36:12.566Z debug
-- START CF API REQUEST: POST https://api.cloudflare.com/client/v4/accounts/b367414b5bc07c5e6e07c61d633ee0af/pages/projects/demo-calculator/deployments
---

--- 2023-11-22T07:36:12.566Z debug
HEADERS: omitted; set WRANGLER_LOG_SANITIZE=false to include sanitized data
---

--- 2023-11-22T07:36:12.566Z debug
INIT: omitted; set WRANGLER_LOG_SANITIZE=false to include sanitized data
---

--- 2023-11-22T07:36:12.566Z debug
-- END CF API REQUEST
---

--- 2023-11-22T07:36:13.224Z debug
-- START CF API RESPONSE: OK 200
---

--- 2023-11-22T07:36:13.224Z debug
HEADERS: omitted; set WRANGLER_LOG_SANITIZE=false to include sanitized data
---

--- 2023-11-22T07:36:13.224Z debug
RESPONSE: omitted; set WRANGLER_LOG_SANITIZE=false to include sanitized data
---

--- 2023-11-22T07:36:13.224Z debug
-- END CF API RESPONSE
---

--- 2023-11-22T07:36:13.224Z debug
Saving to cache: {"account_id":"b367414b5bc07c5e6e07c61d633ee0af","project_name":"demo-calculator"}
---

--- 2023-11-22T07:36:13.224Z log
✨ Deployment complete! Take a peek over at https://a78ac56f.demo-calculator.pages.dev
---

--- 2023-11-22T07:36:13.227Z debug
-- START CF API REQUEST: GET https://api.cloudflare.com/client/v4/user
---

--- 2023-11-22T07:36:13.227Z debug
HEADERS: omitted; set WRANGLER_LOG_SANITIZE=false to include sanitized data
---

--- 2023-11-22T07:36:13.227Z debug
INIT: omitted; set WRANGLER_LOG_SANITIZE=false to include sanitized data
---

--- 2023-11-22T07:36:13.227Z debug
-- END CF API REQUEST
---

--- 2023-11-22T07:36:13.392Z debug
-- START CF API RESPONSE: Forbidden 403
---

--- 2023-11-22T07:36:13.392Z debug
HEADERS: omitted; set WRANGLER_LOG_SANITIZE=false to include sanitized data
---

--- 2023-11-22T07:36:13.392Z debug
RESPONSE: omitted; set WRANGLER_LOG_SANITIZE=false to include sanitized data
---

--- 2023-11-22T07:36:13.392Z debug
-- END CF API RESPONSE
---

--- 2023-11-22T07:36:13.393Z debug
Metrics dispatcher: Dispatching disabled - would have sent {"type":"event","name":"create pages deployment","properties":{}}.
---
