
--- 2023-11-22T10:28:31.931Z debug
🐛 Writing logs to ".wrangler/logs/wrangler-2023-11-22_10-28-31_756.log"
---

--- 2023-11-22T10:28:31.931Z warn
[33m▲ [43;33m[[43;30mWARNING[43;33m][0m [1m`wrangler pages publish` is deprecated and will be removed in the next major version.[0m

  Please use `wrangler pages deploy` instead, which accepts exactly the same arguments.


---

--- 2023-11-22T10:28:31.939Z debug
Saving to cache: {"account":{"id":"b367414b5bc07c5e6e07c61d633ee0af","name":""}}
---

--- 2023-11-22T10:28:31.971Z warn
[33m▲ [43;33m[[43;30mWARNING[43;33m][0m [1mWarning: Your working directory is a git repo and has uncommitted changes[0m

  To silence this warning, pass in --commit-dirty=true


---

--- 2023-11-22T10:28:31.973Z debug
-- START CF API REQUEST: GET https://api.cloudflare.com/client/v4/accounts/b367414b5bc07c5e6e07c61d633ee0af/pages/projects/demo-calculator
---

--- 2023-11-22T10:28:31.973Z debug
HEADERS: omitted; set WRANGLER_LOG_SANITIZE=false to include sanitized data
---

--- 2023-11-22T10:28:31.973Z debug
INIT: omitted; set WRANGLER_LOG_SANITIZE=false to include sanitized data
---

--- 2023-11-22T10:28:31.973Z debug
-- END CF API REQUEST
---

--- 2023-11-22T10:28:32.241Z debug
-- START CF API RESPONSE: OK 200
---

--- 2023-11-22T10:28:32.241Z debug
HEADERS: omitted; set WRANGLER_LOG_SANITIZE=false to include sanitized data
---

--- 2023-11-22T10:28:32.241Z debug
RESPONSE: omitted; set WRANGLER_LOG_SANITIZE=false to include sanitized data
---

--- 2023-11-22T10:28:32.241Z debug
-- END CF API RESPONSE
---

--- 2023-11-22T10:28:32.251Z debug
-- START CF API REQUEST: GET https://api.cloudflare.com/client/v4/accounts/b367414b5bc07c5e6e07c61d633ee0af/pages/projects/demo-calculator/upload-token
---

--- 2023-11-22T10:28:32.251Z debug
HEADERS: omitted; set WRANGLER_LOG_SANITIZE=false to include sanitized data
---

--- 2023-11-22T10:28:32.251Z debug
INIT: omitted; set WRANGLER_LOG_SANITIZE=false to include sanitized data
---

--- 2023-11-22T10:28:32.251Z debug
-- END CF API REQUEST
---

--- 2023-11-22T10:28:32.441Z debug
-- START CF API RESPONSE: OK 200
---

--- 2023-11-22T10:28:32.441Z debug
HEADERS: omitted; set WRANGLER_LOG_SANITIZE=false to include sanitized data
---

--- 2023-11-22T10:28:32.441Z debug
RESPONSE: omitted; set WRANGLER_LOG_SANITIZE=false to include sanitized data
---

--- 2023-11-22T10:28:32.441Z debug
-- END CF API RESPONSE
---

--- 2023-11-22T10:28:32.441Z debug
-- START CF API REQUEST: POST https://api.cloudflare.com/client/v4/pages/assets/check-missing
---

--- 2023-11-22T10:28:32.442Z debug
HEADERS: omitted; set WRANGLER_LOG_SANITIZE=false to include sanitized data
---

--- 2023-11-22T10:28:32.442Z debug
INIT: omitted; set WRANGLER_LOG_SANITIZE=false to include sanitized data
---

--- 2023-11-22T10:28:32.442Z debug
-- END CF API REQUEST
---

--- 2023-11-22T10:28:32.912Z debug
-- START CF API RESPONSE: OK 200
---

--- 2023-11-22T10:28:32.912Z debug
HEADERS: omitted; set WRANGLER_LOG_SANITIZE=false to include sanitized data
---

--- 2023-11-22T10:28:32.912Z debug
RESPONSE: omitted; set WRANGLER_LOG_SANITIZE=false to include sanitized data
---

--- 2023-11-22T10:28:32.912Z debug
-- END CF API RESPONSE
---

--- 2023-11-22T10:28:32.912Z log
Uploading... (10/14)
---

--- 2023-11-22T10:28:32.915Z debug
POST /pages/assets/upload
---

--- 2023-11-22T10:28:32.915Z debug
-- START CF API REQUEST: POST https://api.cloudflare.com/client/v4/pages/assets/upload
---

--- 2023-11-22T10:28:32.915Z debug
HEADERS: omitted; set WRANGLER_LOG_SANITIZE=false to include sanitized data
---

--- 2023-11-22T10:28:32.915Z debug
INIT: omitted; set WRANGLER_LOG_SANITIZE=false to include sanitized data
---

--- 2023-11-22T10:28:32.915Z debug
-- END CF API REQUEST
---

--- 2023-11-22T10:28:32.916Z debug
POST /pages/assets/upload
---

--- 2023-11-22T10:28:32.917Z debug
-- START CF API REQUEST: POST https://api.cloudflare.com/client/v4/pages/assets/upload
---

--- 2023-11-22T10:28:32.917Z debug
HEADERS: omitted; set WRANGLER_LOG_SANITIZE=false to include sanitized data
---

--- 2023-11-22T10:28:32.917Z debug
INIT: omitted; set WRANGLER_LOG_SANITIZE=false to include sanitized data
---

--- 2023-11-22T10:28:32.917Z debug
-- END CF API REQUEST
---

--- 2023-11-22T10:28:32.923Z debug
POST /pages/assets/upload
---

--- 2023-11-22T10:28:32.924Z debug
-- START CF API REQUEST: POST https://api.cloudflare.com/client/v4/pages/assets/upload
---

--- 2023-11-22T10:28:32.924Z debug
HEADERS: omitted; set WRANGLER_LOG_SANITIZE=false to include sanitized data
---

--- 2023-11-22T10:28:32.926Z debug
INIT: omitted; set WRANGLER_LOG_SANITIZE=false to include sanitized data
---

--- 2023-11-22T10:28:32.926Z debug
-- END CF API REQUEST
---

--- 2023-11-22T10:28:33.540Z debug
-- START CF API RESPONSE: OK 200
---

--- 2023-11-22T10:28:33.540Z debug
HEADERS: omitted; set WRANGLER_LOG_SANITIZE=false to include sanitized data
---

--- 2023-11-22T10:28:33.540Z debug
RESPONSE: omitted; set WRANGLER_LOG_SANITIZE=false to include sanitized data
---

--- 2023-11-22T10:28:33.541Z debug
-- END CF API RESPONSE
---

--- 2023-11-22T10:28:33.541Z debug
result: null
---

--- 2023-11-22T10:28:33.541Z log
Uploading... (11/14)
---

--- 2023-11-22T10:28:33.763Z debug
-- START CF API RESPONSE: OK 200
---

--- 2023-11-22T10:28:33.764Z debug
HEADERS: omitted; set WRANGLER_LOG_SANITIZE=false to include sanitized data
---

--- 2023-11-22T10:28:33.764Z debug
RESPONSE: omitted; set WRANGLER_LOG_SANITIZE=false to include sanitized data
---

--- 2023-11-22T10:28:33.764Z debug
-- END CF API RESPONSE
---

--- 2023-11-22T10:28:33.764Z debug
result: null
---

--- 2023-11-22T10:28:33.764Z log
Uploading... (12/14)
---

--- 2023-11-22T10:28:34.388Z debug
-- START CF API RESPONSE: OK 200
---

--- 2023-11-22T10:28:34.388Z debug
HEADERS: omitted; set WRANGLER_LOG_SANITIZE=false to include sanitized data
---

--- 2023-11-22T10:28:34.388Z debug
RESPONSE: omitted; set WRANGLER_LOG_SANITIZE=false to include sanitized data
---

--- 2023-11-22T10:28:34.388Z debug
-- END CF API RESPONSE
---

--- 2023-11-22T10:28:34.388Z debug
result: null
---

--- 2023-11-22T10:28:34.388Z log
Uploading... (14/14)
---

--- 2023-11-22T10:28:34.388Z log
✨ Success! Uploaded 4 files (10 already uploaded) (1.95 sec)

---

--- 2023-11-22T10:28:34.388Z debug
-- START CF API REQUEST: POST https://api.cloudflare.com/client/v4/pages/assets/upsert-hashes
---

--- 2023-11-22T10:28:34.388Z debug
HEADERS: omitted; set WRANGLER_LOG_SANITIZE=false to include sanitized data
---

--- 2023-11-22T10:28:34.388Z debug
INIT: omitted; set WRANGLER_LOG_SANITIZE=false to include sanitized data
---

--- 2023-11-22T10:28:34.388Z debug
-- END CF API REQUEST
---

--- 2023-11-22T10:28:34.673Z debug
-- START CF API RESPONSE: OK 200
---

--- 2023-11-22T10:28:34.673Z debug
HEADERS: omitted; set WRANGLER_LOG_SANITIZE=false to include sanitized data
---

--- 2023-11-22T10:28:34.673Z debug
RESPONSE: omitted; set WRANGLER_LOG_SANITIZE=false to include sanitized data
---

--- 2023-11-22T10:28:34.673Z debug
-- END CF API RESPONSE
---

--- 2023-11-22T10:28:34.673Z debug
-- START CF API REQUEST: POST https://api.cloudflare.com/client/v4/accounts/b367414b5bc07c5e6e07c61d633ee0af/pages/projects/demo-calculator/deployments
---

--- 2023-11-22T10:28:34.673Z debug
HEADERS: omitted; set WRANGLER_LOG_SANITIZE=false to include sanitized data
---

--- 2023-11-22T10:28:34.673Z debug
INIT: omitted; set WRANGLER_LOG_SANITIZE=false to include sanitized data
---

--- 2023-11-22T10:28:34.674Z debug
-- END CF API REQUEST
---

--- 2023-11-22T10:28:35.272Z debug
-- START CF API RESPONSE: OK 200
---

--- 2023-11-22T10:28:35.272Z debug
HEADERS: omitted; set WRANGLER_LOG_SANITIZE=false to include sanitized data
---

--- 2023-11-22T10:28:35.272Z debug
RESPONSE: omitted; set WRANGLER_LOG_SANITIZE=false to include sanitized data
---

--- 2023-11-22T10:28:35.272Z debug
-- END CF API RESPONSE
---

--- 2023-11-22T10:28:35.272Z debug
Saving to cache: {"account_id":"b367414b5bc07c5e6e07c61d633ee0af","project_name":"demo-calculator"}
---

--- 2023-11-22T10:28:35.272Z log
✨ Deployment complete! Take a peek over at https://51752f02.demo-calculator.pages.dev
---

--- 2023-11-22T10:28:35.274Z debug
-- START CF API REQUEST: GET https://api.cloudflare.com/client/v4/user
---

--- 2023-11-22T10:28:35.274Z debug
HEADERS: omitted; set WRANGLER_LOG_SANITIZE=false to include sanitized data
---

--- 2023-11-22T10:28:35.274Z debug
INIT: omitted; set WRANGLER_LOG_SANITIZE=false to include sanitized data
---

--- 2023-11-22T10:28:35.274Z debug
-- END CF API REQUEST
---

--- 2023-11-22T10:28:35.447Z debug
-- START CF API RESPONSE: Forbidden 403
---

--- 2023-11-22T10:28:35.447Z debug
HEADERS: omitted; set WRANGLER_LOG_SANITIZE=false to include sanitized data
---

--- 2023-11-22T10:28:35.447Z debug
RESPONSE: omitted; set WRANGLER_LOG_SANITIZE=false to include sanitized data
---

--- 2023-11-22T10:28:35.447Z debug
-- END CF API RESPONSE
---

--- 2023-11-22T10:28:35.448Z debug
Metrics dispatcher: Dispatching disabled - would have sent {"type":"event","name":"create pages deployment","properties":{}}.
---
