
--- 2023-11-22T07:43:24.022Z debug
🐛 Writing logs to ".wrangler/logs/wrangler-2023-11-22_07-43-23_845.log"
---

--- 2023-11-22T07:43:24.022Z warn
[33m▲ [43;33m[[43;30mWARNING[43;33m][0m [1m`wrangler pages publish` is deprecated and will be removed in the next major version.[0m

  Please use `wrangler pages deploy` instead, which accepts exactly the same arguments.


---

--- 2023-11-22T07:43:24.030Z debug
Saving to cache: {"account":{"id":"b367414b5bc07c5e6e07c61d633ee0af","name":""}}
---

--- 2023-11-22T07:43:24.061Z warn
[33m▲ [43;33m[[43;30mWARNING[43;33m][0m [1mWarning: Your working directory is a git repo and has uncommitted changes[0m

  To silence this warning, pass in --commit-dirty=true


---

--- 2023-11-22T07:43:24.062Z debug
-- START CF API REQUEST: GET https://api.cloudflare.com/client/v4/accounts/b367414b5bc07c5e6e07c61d633ee0af/pages/projects/demo-calculator
---

--- 2023-11-22T07:43:24.062Z debug
HEADERS: omitted; set WRANGLER_LOG_SANITIZE=false to include sanitized data
---

--- 2023-11-22T07:43:24.062Z debug
INIT: omitted; set WRANGLER_LOG_SANITIZE=false to include sanitized data
---

--- 2023-11-22T07:43:24.062Z debug
-- END CF API REQUEST
---

--- 2023-11-22T07:43:24.831Z debug
-- START CF API RESPONSE: OK 200
---

--- 2023-11-22T07:43:24.831Z debug
HEADERS: omitted; set WRANGLER_LOG_SANITIZE=false to include sanitized data
---

--- 2023-11-22T07:43:24.831Z debug
RESPONSE: omitted; set WRANGLER_LOG_SANITIZE=false to include sanitized data
---

--- 2023-11-22T07:43:24.831Z debug
-- END CF API RESPONSE
---

--- 2023-11-22T07:43:24.841Z debug
-- START CF API REQUEST: GET https://api.cloudflare.com/client/v4/accounts/b367414b5bc07c5e6e07c61d633ee0af/pages/projects/demo-calculator/upload-token
---

--- 2023-11-22T07:43:24.841Z debug
HEADERS: omitted; set WRANGLER_LOG_SANITIZE=false to include sanitized data
---

--- 2023-11-22T07:43:24.841Z debug
INIT: omitted; set WRANGLER_LOG_SANITIZE=false to include sanitized data
---

--- 2023-11-22T07:43:24.841Z debug
-- END CF API REQUEST
---

--- 2023-11-22T07:43:25.497Z debug
-- START CF API RESPONSE: OK 200
---

--- 2023-11-22T07:43:25.497Z debug
HEADERS: omitted; set WRANGLER_LOG_SANITIZE=false to include sanitized data
---

--- 2023-11-22T07:43:25.497Z debug
RESPONSE: omitted; set WRANGLER_LOG_SANITIZE=false to include sanitized data
---

--- 2023-11-22T07:43:25.497Z debug
-- END CF API RESPONSE
---

--- 2023-11-22T07:43:25.498Z debug
-- START CF API REQUEST: POST https://api.cloudflare.com/client/v4/pages/assets/check-missing
---

--- 2023-11-22T07:43:25.498Z debug
HEADERS: omitted; set WRANGLER_LOG_SANITIZE=false to include sanitized data
---

--- 2023-11-22T07:43:25.498Z debug
INIT: omitted; set WRANGLER_LOG_SANITIZE=false to include sanitized data
---

--- 2023-11-22T07:43:25.498Z debug
-- END CF API REQUEST
---

--- 2023-11-22T07:43:26.442Z debug
-- START CF API RESPONSE: OK 200
---

--- 2023-11-22T07:43:26.442Z debug
HEADERS: omitted; set WRANGLER_LOG_SANITIZE=false to include sanitized data
---

--- 2023-11-22T07:43:26.442Z debug
RESPONSE: omitted; set WRANGLER_LOG_SANITIZE=false to include sanitized data
---

--- 2023-11-22T07:43:26.442Z debug
-- END CF API RESPONSE
---

--- 2023-11-22T07:43:26.442Z log
Uploading... (10/14)
---

--- 2023-11-22T07:43:26.444Z debug
POST /pages/assets/upload
---

--- 2023-11-22T07:43:26.444Z debug
-- START CF API REQUEST: POST https://api.cloudflare.com/client/v4/pages/assets/upload
---

--- 2023-11-22T07:43:26.444Z debug
HEADERS: omitted; set WRANGLER_LOG_SANITIZE=false to include sanitized data
---

--- 2023-11-22T07:43:26.444Z debug
INIT: omitted; set WRANGLER_LOG_SANITIZE=false to include sanitized data
---

--- 2023-11-22T07:43:26.444Z debug
-- END CF API REQUEST
---

--- 2023-11-22T07:43:26.446Z debug
POST /pages/assets/upload
---

--- 2023-11-22T07:43:26.446Z debug
-- START CF API REQUEST: POST https://api.cloudflare.com/client/v4/pages/assets/upload
---

--- 2023-11-22T07:43:26.446Z debug
HEADERS: omitted; set WRANGLER_LOG_SANITIZE=false to include sanitized data
---

--- 2023-11-22T07:43:26.447Z debug
INIT: omitted; set WRANGLER_LOG_SANITIZE=false to include sanitized data
---

--- 2023-11-22T07:43:26.447Z debug
-- END CF API REQUEST
---

--- 2023-11-22T07:43:26.449Z debug
POST /pages/assets/upload
---

--- 2023-11-22T07:43:26.451Z debug
-- START CF API REQUEST: POST https://api.cloudflare.com/client/v4/pages/assets/upload
---

--- 2023-11-22T07:43:26.451Z debug
HEADERS: omitted; set WRANGLER_LOG_SANITIZE=false to include sanitized data
---

--- 2023-11-22T07:43:26.452Z debug
INIT: omitted; set WRANGLER_LOG_SANITIZE=false to include sanitized data
---

--- 2023-11-22T07:43:26.452Z debug
-- END CF API REQUEST
---

--- 2023-11-22T07:43:27.265Z debug
-- START CF API RESPONSE: OK 200
---

--- 2023-11-22T07:43:27.265Z debug
HEADERS: omitted; set WRANGLER_LOG_SANITIZE=false to include sanitized data
---

--- 2023-11-22T07:43:27.265Z debug
RESPONSE: omitted; set WRANGLER_LOG_SANITIZE=false to include sanitized data
---

--- 2023-11-22T07:43:27.265Z debug
-- END CF API RESPONSE
---

--- 2023-11-22T07:43:27.265Z debug
result: null
---

--- 2023-11-22T07:43:27.265Z log
Uploading... (11/14)
---

--- 2023-11-22T07:43:27.266Z debug
-- START CF API RESPONSE: OK 200
---

--- 2023-11-22T07:43:27.266Z debug
HEADERS: omitted; set WRANGLER_LOG_SANITIZE=false to include sanitized data
---

--- 2023-11-22T07:43:27.266Z debug
RESPONSE: omitted; set WRANGLER_LOG_SANITIZE=false to include sanitized data
---

--- 2023-11-22T07:43:27.266Z debug
-- END CF API RESPONSE
---

--- 2023-11-22T07:43:27.266Z debug
result: null
---

--- 2023-11-22T07:43:27.266Z log
Uploading... (12/14)
---

--- 2023-11-22T07:43:27.570Z debug
-- START CF API RESPONSE: OK 200
---

--- 2023-11-22T07:43:27.570Z debug
HEADERS: omitted; set WRANGLER_LOG_SANITIZE=false to include sanitized data
---

--- 2023-11-22T07:43:27.570Z debug
RESPONSE: omitted; set WRANGLER_LOG_SANITIZE=false to include sanitized data
---

--- 2023-11-22T07:43:27.570Z debug
-- END CF API RESPONSE
---

--- 2023-11-22T07:43:27.570Z debug
result: null
---

--- 2023-11-22T07:43:27.570Z log
Uploading... (14/14)
---

--- 2023-11-22T07:43:27.570Z log
✨ Success! Uploaded 4 files (10 already uploaded) (2.07 sec)

---

--- 2023-11-22T07:43:27.570Z debug
-- START CF API REQUEST: POST https://api.cloudflare.com/client/v4/pages/assets/upsert-hashes
---

--- 2023-11-22T07:43:27.570Z debug
HEADERS: omitted; set WRANGLER_LOG_SANITIZE=false to include sanitized data
---

--- 2023-11-22T07:43:27.571Z debug
INIT: omitted; set WRANGLER_LOG_SANITIZE=false to include sanitized data
---

--- 2023-11-22T07:43:27.571Z debug
-- END CF API REQUEST
---

--- 2023-11-22T07:43:27.995Z debug
-- START CF API RESPONSE: OK 200
---

--- 2023-11-22T07:43:27.996Z debug
HEADERS: omitted; set WRANGLER_LOG_SANITIZE=false to include sanitized data
---

--- 2023-11-22T07:43:27.996Z debug
RESPONSE: omitted; set WRANGLER_LOG_SANITIZE=false to include sanitized data
---

--- 2023-11-22T07:43:27.996Z debug
-- END CF API RESPONSE
---

--- 2023-11-22T07:43:27.996Z debug
-- START CF API REQUEST: POST https://api.cloudflare.com/client/v4/accounts/b367414b5bc07c5e6e07c61d633ee0af/pages/projects/demo-calculator/deployments
---

--- 2023-11-22T07:43:27.996Z debug
HEADERS: omitted; set WRANGLER_LOG_SANITIZE=false to include sanitized data
---

--- 2023-11-22T07:43:27.996Z debug
INIT: omitted; set WRANGLER_LOG_SANITIZE=false to include sanitized data
---

--- 2023-11-22T07:43:27.996Z debug
-- END CF API REQUEST
---

--- 2023-11-22T07:43:28.879Z debug
-- START CF API RESPONSE: OK 200
---

--- 2023-11-22T07:43:28.879Z debug
HEADERS: omitted; set WRANGLER_LOG_SANITIZE=false to include sanitized data
---

--- 2023-11-22T07:43:28.879Z debug
RESPONSE: omitted; set WRANGLER_LOG_SANITIZE=false to include sanitized data
---

--- 2023-11-22T07:43:28.879Z debug
-- END CF API RESPONSE
---

--- 2023-11-22T07:43:28.879Z debug
Saving to cache: {"account_id":"b367414b5bc07c5e6e07c61d633ee0af","project_name":"demo-calculator"}
---

--- 2023-11-22T07:43:28.880Z log
✨ Deployment complete! Take a peek over at https://555bf976.demo-calculator.pages.dev
---

--- 2023-11-22T07:43:28.882Z debug
-- START CF API REQUEST: GET https://api.cloudflare.com/client/v4/user
---

--- 2023-11-22T07:43:28.882Z debug
HEADERS: omitted; set WRANGLER_LOG_SANITIZE=false to include sanitized data
---

--- 2023-11-22T07:43:28.882Z debug
INIT: omitted; set WRANGLER_LOG_SANITIZE=false to include sanitized data
---

--- 2023-11-22T07:43:28.882Z debug
-- END CF API REQUEST
---

--- 2023-11-22T07:43:29.740Z debug
-- START CF API RESPONSE: Forbidden 403
---

--- 2023-11-22T07:43:29.741Z debug
HEADERS: omitted; set WRANGLER_LOG_SANITIZE=false to include sanitized data
---

--- 2023-11-22T07:43:29.741Z debug
RESPONSE: omitted; set WRANGLER_LOG_SANITIZE=false to include sanitized data
---

--- 2023-11-22T07:43:29.741Z debug
-- END CF API RESPONSE
---

--- 2023-11-22T07:43:29.741Z debug
Metrics dispatcher: Dispatching disabled - would have sent {"type":"event","name":"create pages deployment","properties":{}}.
---
