
--- 2023-11-22T10:12:32.629Z debug
🐛 Writing logs to ".wrangler/logs/wrangler-2023-11-22_10-12-32_453.log"
---

--- 2023-11-22T10:12:32.629Z warn
[33m▲ [43;33m[[43;30mWARNING[43;33m][0m [1m`wrangler pages publish` is deprecated and will be removed in the next major version.[0m

  Please use `wrangler pages deploy` instead, which accepts exactly the same arguments.


---

--- 2023-11-22T10:12:32.637Z debug
Saving to cache: {"account":{"id":"b367414b5bc07c5e6e07c61d633ee0af","name":""}}
---

--- 2023-11-22T10:12:32.668Z debug
-- START CF API REQUEST: GET https://api.cloudflare.com/client/v4/accounts/b367414b5bc07c5e6e07c61d633ee0af/pages/projects/demo-calculator
---

--- 2023-11-22T10:12:32.668Z debug
HEADERS: omitted; set WRANGLER_LOG_SANITIZE=false to include sanitized data
---

--- 2023-11-22T10:12:32.668Z debug
INIT: omitted; set WRANGLER_LOG_SANITIZE=false to include sanitized data
---

--- 2023-11-22T10:12:32.668Z debug
-- END CF API REQUEST
---

--- 2023-11-22T10:12:32.940Z debug
-- START CF API RESPONSE: OK 200
---

--- 2023-11-22T10:12:32.941Z debug
HEADERS: omitted; set WRANGLER_LOG_SANITIZE=false to include sanitized data
---

--- 2023-11-22T10:12:32.941Z debug
RESPONSE: omitted; set WRANGLER_LOG_SANITIZE=false to include sanitized data
---

--- 2023-11-22T10:12:32.941Z debug
-- END CF API RESPONSE
---

--- 2023-11-22T10:12:32.951Z debug
-- START CF API REQUEST: GET https://api.cloudflare.com/client/v4/accounts/b367414b5bc07c5e6e07c61d633ee0af/pages/projects/demo-calculator/upload-token
---

--- 2023-11-22T10:12:32.951Z debug
HEADERS: omitted; set WRANGLER_LOG_SANITIZE=false to include sanitized data
---

--- 2023-11-22T10:12:32.951Z debug
INIT: omitted; set WRANGLER_LOG_SANITIZE=false to include sanitized data
---

--- 2023-11-22T10:12:32.951Z debug
-- END CF API REQUEST
---

--- 2023-11-22T10:12:33.106Z debug
-- START CF API RESPONSE: OK 200
---

--- 2023-11-22T10:12:33.106Z debug
HEADERS: omitted; set WRANGLER_LOG_SANITIZE=false to include sanitized data
---

--- 2023-11-22T10:12:33.106Z debug
RESPONSE: omitted; set WRANGLER_LOG_SANITIZE=false to include sanitized data
---

--- 2023-11-22T10:12:33.106Z debug
-- END CF API RESPONSE
---

--- 2023-11-22T10:12:33.107Z debug
-- START CF API REQUEST: POST https://api.cloudflare.com/client/v4/pages/assets/check-missing
---

--- 2023-11-22T10:12:33.107Z debug
HEADERS: omitted; set WRANGLER_LOG_SANITIZE=false to include sanitized data
---

--- 2023-11-22T10:12:33.107Z debug
INIT: omitted; set WRANGLER_LOG_SANITIZE=false to include sanitized data
---

--- 2023-11-22T10:12:33.107Z debug
-- END CF API REQUEST
---

--- 2023-11-22T10:12:33.670Z debug
-- START CF API RESPONSE: OK 200
---

--- 2023-11-22T10:12:33.670Z debug
HEADERS: omitted; set WRANGLER_LOG_SANITIZE=false to include sanitized data
---

--- 2023-11-22T10:12:33.670Z debug
RESPONSE: omitted; set WRANGLER_LOG_SANITIZE=false to include sanitized data
---

--- 2023-11-22T10:12:33.670Z debug
-- END CF API RESPONSE
---

--- 2023-11-22T10:12:33.671Z log
Uploading... (10/14)
---

--- 2023-11-22T10:12:33.673Z debug
POST /pages/assets/upload
---

--- 2023-11-22T10:12:33.673Z debug
-- START CF API REQUEST: POST https://api.cloudflare.com/client/v4/pages/assets/upload
---

--- 2023-11-22T10:12:33.673Z debug
HEADERS: omitted; set WRANGLER_LOG_SANITIZE=false to include sanitized data
---

--- 2023-11-22T10:12:33.673Z debug
INIT: omitted; set WRANGLER_LOG_SANITIZE=false to include sanitized data
---

--- 2023-11-22T10:12:33.673Z debug
-- END CF API REQUEST
---

--- 2023-11-22T10:12:33.674Z debug
POST /pages/assets/upload
---

--- 2023-11-22T10:12:33.675Z debug
-- START CF API REQUEST: POST https://api.cloudflare.com/client/v4/pages/assets/upload
---

--- 2023-11-22T10:12:33.675Z debug
HEADERS: omitted; set WRANGLER_LOG_SANITIZE=false to include sanitized data
---

--- 2023-11-22T10:12:33.675Z debug
INIT: omitted; set WRANGLER_LOG_SANITIZE=false to include sanitized data
---

--- 2023-11-22T10:12:33.675Z debug
-- END CF API REQUEST
---

--- 2023-11-22T10:12:33.678Z debug
POST /pages/assets/upload
---

--- 2023-11-22T10:12:33.679Z debug
-- START CF API REQUEST: POST https://api.cloudflare.com/client/v4/pages/assets/upload
---

--- 2023-11-22T10:12:33.679Z debug
HEADERS: omitted; set WRANGLER_LOG_SANITIZE=false to include sanitized data
---

--- 2023-11-22T10:12:33.681Z debug
INIT: omitted; set WRANGLER_LOG_SANITIZE=false to include sanitized data
---

--- 2023-11-22T10:12:33.681Z debug
-- END CF API REQUEST
---

--- 2023-11-22T10:12:34.210Z debug
-- START CF API RESPONSE: OK 200
---

--- 2023-11-22T10:12:34.210Z debug
HEADERS: omitted; set WRANGLER_LOG_SANITIZE=false to include sanitized data
---

--- 2023-11-22T10:12:34.210Z debug
RESPONSE: omitted; set WRANGLER_LOG_SANITIZE=false to include sanitized data
---

--- 2023-11-22T10:12:34.210Z debug
-- END CF API RESPONSE
---

--- 2023-11-22T10:12:34.210Z debug
result: null
---

--- 2023-11-22T10:12:34.210Z log
Uploading... (11/14)
---

--- 2023-11-22T10:12:34.508Z debug
-- START CF API RESPONSE: OK 200
---

--- 2023-11-22T10:12:34.508Z debug
HEADERS: omitted; set WRANGLER_LOG_SANITIZE=false to include sanitized data
---

--- 2023-11-22T10:12:34.508Z debug
RESPONSE: omitted; set WRANGLER_LOG_SANITIZE=false to include sanitized data
---

--- 2023-11-22T10:12:34.508Z debug
-- END CF API RESPONSE
---

--- 2023-11-22T10:12:34.508Z debug
result: null
---

--- 2023-11-22T10:12:34.508Z log
Uploading... (12/14)
---

--- 2023-11-22T10:12:34.646Z debug
-- START CF API RESPONSE: OK 200
---

--- 2023-11-22T10:12:34.646Z debug
HEADERS: omitted; set WRANGLER_LOG_SANITIZE=false to include sanitized data
---

--- 2023-11-22T10:12:34.646Z debug
RESPONSE: omitted; set WRANGLER_LOG_SANITIZE=false to include sanitized data
---

--- 2023-11-22T10:12:34.646Z debug
-- END CF API RESPONSE
---

--- 2023-11-22T10:12:34.646Z debug
result: null
---

--- 2023-11-22T10:12:34.646Z log
Uploading... (14/14)
---

--- 2023-11-22T10:12:34.646Z log
✨ Success! Uploaded 4 files (10 already uploaded) (1.54 sec)

---

--- 2023-11-22T10:12:34.646Z debug
-- START CF API REQUEST: POST https://api.cloudflare.com/client/v4/pages/assets/upsert-hashes
---

--- 2023-11-22T10:12:34.646Z debug
HEADERS: omitted; set WRANGLER_LOG_SANITIZE=false to include sanitized data
---

--- 2023-11-22T10:12:34.647Z debug
INIT: omitted; set WRANGLER_LOG_SANITIZE=false to include sanitized data
---

--- 2023-11-22T10:12:34.647Z debug
-- END CF API REQUEST
---

--- 2023-11-22T10:12:34.919Z debug
-- START CF API RESPONSE: OK 200
---

--- 2023-11-22T10:12:34.919Z debug
HEADERS: omitted; set WRANGLER_LOG_SANITIZE=false to include sanitized data
---

--- 2023-11-22T10:12:34.919Z debug
RESPONSE: omitted; set WRANGLER_LOG_SANITIZE=false to include sanitized data
---

--- 2023-11-22T10:12:34.919Z debug
-- END CF API RESPONSE
---

--- 2023-11-22T10:12:34.919Z debug
-- START CF API REQUEST: POST https://api.cloudflare.com/client/v4/accounts/b367414b5bc07c5e6e07c61d633ee0af/pages/projects/demo-calculator/deployments
---

--- 2023-11-22T10:12:34.919Z debug
HEADERS: omitted; set WRANGLER_LOG_SANITIZE=false to include sanitized data
---

--- 2023-11-22T10:12:34.919Z debug
INIT: omitted; set WRANGLER_LOG_SANITIZE=false to include sanitized data
---

--- 2023-11-22T10:12:34.919Z debug
-- END CF API REQUEST
---

--- 2023-11-22T10:12:35.527Z debug
-- START CF API RESPONSE: OK 200
---

--- 2023-11-22T10:12:35.527Z debug
HEADERS: omitted; set WRANGLER_LOG_SANITIZE=false to include sanitized data
---

--- 2023-11-22T10:12:35.527Z debug
RESPONSE: omitted; set WRANGLER_LOG_SANITIZE=false to include sanitized data
---

--- 2023-11-22T10:12:35.527Z debug
-- END CF API RESPONSE
---

--- 2023-11-22T10:12:35.527Z debug
Saving to cache: {"account_id":"b367414b5bc07c5e6e07c61d633ee0af","project_name":"demo-calculator"}
---

--- 2023-11-22T10:12:35.537Z log
✨ Deployment complete! Take a peek over at https://80c4588a.demo-calculator.pages.dev
---

--- 2023-11-22T10:12:35.539Z debug
-- START CF API REQUEST: GET https://api.cloudflare.com/client/v4/user
---

--- 2023-11-22T10:12:35.539Z debug
HEADERS: omitted; set WRANGLER_LOG_SANITIZE=false to include sanitized data
---

--- 2023-11-22T10:12:35.539Z debug
INIT: omitted; set WRANGLER_LOG_SANITIZE=false to include sanitized data
---

--- 2023-11-22T10:12:35.539Z debug
-- END CF API REQUEST
---

--- 2023-11-22T10:12:35.647Z debug
-- START CF API RESPONSE: Forbidden 403
---

--- 2023-11-22T10:12:35.647Z debug
HEADERS: omitted; set WRANGLER_LOG_SANITIZE=false to include sanitized data
---

--- 2023-11-22T10:12:35.647Z debug
RESPONSE: omitted; set WRANGLER_LOG_SANITIZE=false to include sanitized data
---

--- 2023-11-22T10:12:35.647Z debug
-- END CF API RESPONSE
---

--- 2023-11-22T10:12:35.647Z debug
Metrics dispatcher: Dispatching disabled - would have sent {"type":"event","name":"create pages deployment","properties":{}}.
---
